
2025-09-17 10:35:15 - POST: {"content":"\u00ea"}
2025-09-17 10:35:23 - POST: {"content":"\u1ebfdfvd"}
2025-09-17 10:38:49 - POST: {"content":"ch\u00e0o"}
2025-09-17 10:52:09 - POST: {"content":"test"}
2025-09-17 10:52:20 - POST: {"content":"loi"}
2025-09-17 10:55:22 - POST: {"content":"l\u00f4"}
2025-09-17 10:55:46 - POST: {"content":"ggggggg"}
2025-09-17 10:56:47 - POST: {"content":"bgfdbfgbfxg"}
2025-09-17 10:57:21 - POST: {"content":"dfdsfds"}
2025-09-17 10:57:26 - POST: {"content":"dtthftgh"}
2025-09-17 11:02:08 - POST: {"content":"dfgsdfgsfdgh"}
2025-09-17 11:02:13 - POST: {"content":"hahahaha"}
2025-09-17 11:02:22 - POST: {"content":"jlkjlk"}
2025-09-17 11:03:29 - POST: {"content":"alooo 11:03"}
2025-09-17 11:10:41 - POST: {"content":"44949"}
2025-09-17 11:11:43 - POST: {"content":"hehe"}
2025-09-17 11:12:57 - POST: {"content":"11:12"}
2025-09-17 11:13:10 - POST: {"content":"heheh"}
2025-09-17 11:13:44 - POST: {"content":"11:13"}
2025-09-17 11:14:16 - POST: {"content":"11:14"}
2025-09-17 11:17:00 - POST: {"content":"11:16"}
2025-09-17 05:49:24 - POST: {"content":"baloosdfkjsdfgvdf 12-49"}
2025-09-17 05:49:51 - POST: {"content":"asfjgladfkgjladf 12-49"}
