[17-Sep-2025 22:35:02 Asia/Ho_Chi_Minh] PHP Fatal error:  Uncaught PDOException: SQLSTATE[42S22]: Column not found: 1054 Unknown column 'c.parent_id' in 'SELECT' in /home/nguonnh1/mxh.org.vn/model/CommentGlobalModel.php:92
Stack trace:
#0 /home/nguonnh1/mxh.org.vn/model/CommentGlobalModel.php(92): PDOStatement->execute()
#1 /home/nguonnh1/mxh.org.vn/comment_add.php(35): CommentGlobalModel::getCommentById()
#2 {main}
  thrown in /home/nguonnh1/mxh.org.vn/model/CommentGlobalModel.php on line 92
[17-Sep-2025 22:35:17 Asia/Ho_Chi_Minh] PHP Deprecated:  htmlspecialchars(): Passing null to parameter #1 ($string) of type string is deprecated in /home/nguonnh1/mxh.org.vn/view/page/Home.php on line 370
[17-Sep-2025 22:38:01 Asia/Ho_Chi_Minh] PHP Deprecated:  htmlspecialchars(): Passing null to parameter #1 ($string) of type string is deprecated in /home/nguonnh1/mxh.org.vn/view/page/Home.php on line 370
[17-Sep-2025 22:39:24 Asia/Ho_Chi_Minh] PHP Deprecated:  htmlspecialchars(): Passing null to parameter #1 ($string) of type string is deprecated in /home/nguonnh1/mxh.org.vn/view/page/Home.php on line 370
[17-Sep-2025 22:39:33 Asia/Ho_Chi_Minh] PHP Fatal error:  Uncaught PDOException: SQLSTATE[42S22]: Column not found: 1054 Unknown column 'c.parent_id' in 'SELECT' in /home/nguonnh1/mxh.org.vn/model/CommentGlobalModel.php:92
Stack trace:
#0 /home/nguonnh1/mxh.org.vn/model/CommentGlobalModel.php(92): PDOStatement->execute()
#1 /home/nguonnh1/mxh.org.vn/comment_add.php(35): CommentGlobalModel::getCommentById()
#2 {main}
  thrown in /home/nguonnh1/mxh.org.vn/model/CommentGlobalModel.php on line 92
[17-Sep-2025 22:43:55 Asia/Ho_Chi_Minh] PHP Deprecated:  htmlspecialchars(): Passing null to parameter #1 ($string) of type string is deprecated in /home/nguonnh1/mxh.org.vn/view/page/Home.php on line 370
[17-Sep-2025 22:48:42 Asia/Ho_Chi_Minh] PHP Deprecated:  htmlspecialchars(): Passing null to parameter #1 ($string) of type string is deprecated in /home/nguonnh1/mxh.org.vn/view/page/Home.php on line 370
[17-Sep-2025 22:48:54 Asia/Ho_Chi_Minh] PHP Deprecated:  htmlspecialchars(): Passing null to parameter #1 ($string) of type string is deprecated in /home/nguonnh1/mxh.org.vn/view/page/Home.php on line 370
[17-Sep-2025 23:12:56 Asia/Ho_Chi_Minh] PHP Fatal error:  Uncaught PDOException: SQLSTATE[42S22]: Column not found: 1054 Unknown column 'c.parent_id' in 'SELECT' in /home/nguonnh1/mxh.org.vn/model/CommentGlobalModel.php:92
Stack trace:
#0 /home/nguonnh1/mxh.org.vn/model/CommentGlobalModel.php(92): PDOStatement->execute()
#1 /home/nguonnh1/mxh.org.vn/comment_add.php(35): CommentGlobalModel::getCommentById()
#2 {main}
  thrown in /home/nguonnh1/mxh.org.vn/model/CommentGlobalModel.php on line 92
[17-Sep-2025 23:13:00 Asia/Ho_Chi_Minh] PHP Fatal error:  Uncaught PDOException: SQLSTATE[42S22]: Column not found: 1054 Unknown column 'c.parent_id' in 'SELECT' in /home/nguonnh1/mxh.org.vn/model/CommentGlobalModel.php:92
Stack trace:
#0 /home/nguonnh1/mxh.org.vn/model/CommentGlobalModel.php(92): PDOStatement->execute()
#1 /home/nguonnh1/mxh.org.vn/comment_add.php(35): CommentGlobalModel::getCommentById()
#2 {main}
  thrown in /home/nguonnh1/mxh.org.vn/model/CommentGlobalModel.php on line 92
